AC-baidu-重定向优化百度搜狗谷歌必应搜索_favicon_双列.user.js:12086 SyntaxError: Unexpected token '<'
    at AC-baidu-重定向优化百度搜狗谷歌必应搜索_favicon_双列.user.js:12201
    at callback (AC-baidu-重定向优化百度搜狗谷歌必应搜索_favicon_双列.user.js:14074)
    at AC-baidu-重定向优化百度搜狗谷歌必应搜索_favicon_双列.user.js:12084
Mixed Content: The page at '<URL>' was loaded over HTTPS, but requested an insecure element '<URL>'. This request was automatically upgraded to HTTPS, For more information see <URL>
Mixed Content: The page at '<URL>' was loaded over HTTPS, but requested an insecure element '<URL>'. This request was automatically upgraded to HTTPS, For more information see <URL>
Mixed Content: The page at '<URL>' was loaded over HTTPS, but requested an insecure element '<URL>'. This request was automatically upgraded to HTTPS, For more information see <URL>
Mixed Content: The page at '<URL>' was loaded over HTTPS, but requested an insecure element '<URL>'. This request was automatically upgraded to HTTPS, For more information see <URL>
Mixed Content: The page at '<URL>' was loaded over HTTPS, but requested an insecure element '<URL>'. This request was automatically upgraded to HTTPS, For more information see <URL>
Mixed Content: The page at '<URL>' was loaded over HTTPS, but requested an insecure element '<URL>'. This request was automatically upgraded to HTTPS, For more information see <URL>
all_async_search_e1ff9df.js:258 每一个星球都有一个驱动核心，
每一种思想都有影响力的种子。
感受世界的温度，
年轻的你也能成为改变世界的动力，
百度珍惜你所有的潜力。
你的潜力，是改变世界的动力！


all_async_search_e1ff9df.js:258 百度2022校园招聘简历投递：https://talent.baidu.com/external/baidu/campus.html
[Violation] Forced reflow while executing JavaScript took 33ms
sp1.baidu.com/5b1ZeDe5KgQFm2e88IuM_a/wb.gif?type=3&fm=flow_monitor&data=%5B%7B%7D%5D&q=baidu&qid=efacba88000206bf&rsv_did=941010eb003bb8f52b8fb1bdca2bca7c&rsv_tn=baiduhome_pg&rsv_sid=34948_34919_35106_34902_34584_34517_34916_34813_26350_34973_34868_35145_35081&t=1637071538607:1 GET https://sp1.baidu.com/5b1ZeDe5KgQFm2e88IuM_a/wb.gif?type=3&fm=flow_monitor&data=%5B%7B%7D%5D&q=baidu&qid=efacba88000206bf&rsv_did=941010eb003bb8f52b8fb1bdca2bca7c&rsv_tn=baiduhome_pg&rsv_sid=34948_34919_35106_34902_34584_34517_34916_34813_26350_34973_34868_35145_35081&t=1637071538607 net::ERR_BLOCKED_BY_CLIENT
Image（异步）
send @ all_async_search_e1ff9df.js:337
sendNow @ all_async_search_e1ff9df.js:337
sendNow @ all_async_search_e1ff9df.js:341
（匿名） @ all_async_search_e1ff9df.js:583
dispatch @ jquery-1.10.2.min_65682a2.js:93
y.handle @ jquery-1.10.2.min_65682a2.js:89
trigger @ jquery-1.10.2.min_65682a2.js:92
（匿名） @ jquery-1.10.2.min_65682a2.js:105
each @ jquery-1.10.2.min_65682a2.js:29
each @ jquery-1.10.2.min_65682a2.js:23
trigger @ jquery-1.10.2.min_65682a2.js:105
（匿名） @ all_async_search_e1ff9df.js:42
p @ all_async_search_e1ff9df.js:12
j @ all_async_search_e1ff9df.js:42
H @ all_async_search_e1ff9df.js:59
initPreload @ all_async_search_e1ff9df.js:92
（匿名） @ s?wd=baidu&rsv_spt=1&rsv_iqid=0x9345a36600037fe8&issp=1&f=8&rsv_bp=1&rsv_idx=2&ie=utf-8&rqlang=&tn=baiduhome_pg&ch=&rsv_enter=1&rsv_btype=i&rsv_dl=ib&inputT=1494:6465
sp1.baidu.com/5bU_dTmfKgQFm2e88IuM_a/w.gif?q=baidu&fm=se&T=1637071537&y=7BBBFFBD&rsv_cache=0&rsv_pre=0&rsv_reh=113_501_46_113_93_74_298_158_189_228_93|523_346&rsv_scr=1536_2671_0_0_864_1536&rsv_skin=1&rsv_psid=6237BA819F91CB8ED662AE9643A22FB6&rsv_pstm=1624974400&rsv_idc=7&rsv_sid=34948_34919_35106_34902_34584_34517_34916_34813_26350_34973_34868_35145_35081&cid=0&qid=efacba88000206bf&t=1637071538623&rsv_iorr=1&rsv_tn=baiduhome_pg&rsv_ssl=1&path=https%3A%2F%2Fwww.baidu.com%2Fs%3Fwd%3Dbaidu%26rsv_spt%3D1%26rsv_iqid%3D0x9345a36600037fe8%26issp%3D1%26f%3D8%26rsv_bp%3D1%26rsv_idx%3D2%26ie%3Dutf-8%26rqlang%3D%26tn%3Dbaiduhome_pg%26ch%3D%26rsv_enter%3D1%26rsv_btype%3Di%26rsv_dl%3Dib%26inputT%3D1494&rsv_did=a9e4d27638cfd2061633ebe90e1e4ebe:1 GET https://sp1.baidu.com/5bU_dTmfKgQFm2e88IuM_a/w.gif?q=baidu&fm=se&T=1637071537&y=7BBBFFBD&rsv_cache=0&rsv_pre=0&rsv_reh=113_501_46_113_93_74_298_158_189_228_93|523_346&rsv_scr=1536_2671_0_0_864_1536&rsv_skin=1&rsv_psid=6237BA819F91CB8ED662AE9643A22FB6&rsv_pstm=1624974400&rsv_idc=7&rsv_sid=34948_34919_35106_34902_34584_34517_34916_34813_26350_34973_34868_35145_35081&cid=0&qid=efacba88000206bf&t=1637071538623&rsv_iorr=1&rsv_tn=baiduhome_pg&rsv_ssl=1&path=https%3A%2F%2Fwww.baidu.com%2Fs%3Fwd%3Dbaidu%26rsv_spt%3D1%26rsv_iqid%3D0x9345a36600037fe8%26issp%3D1%26f%3D8%26rsv_bp%3D1%26rsv_idx%3D2%26ie%3Dutf-8%26rqlang%3D%26tn%3Dbaiduhome_pg%26ch%3D%26rsv_enter%3D1%26rsv_btype%3Di%26rsv_dl%3Dib%26inputT%3D1494&rsv_did=a9e4d27638cfd2061633ebe90e1e4ebe net::ERR_BLOCKED_BY_CLIENT
Image（异步）
c @ all_async_search_e1ff9df.js:4
y @ all_async_search_e1ff9df.js:29
（匿名） @ all_async_search_e1ff9df.js:91
dispatch @ jquery-1.10.2.min_65682a2.js:93
y.handle @ jquery-1.10.2.min_65682a2.js:89
trigger @ jquery-1.10.2.min_65682a2.js:92
（匿名） @ jquery-1.10.2.min_65682a2.js:105
each @ jquery-1.10.2.min_65682a2.js:29
each @ jquery-1.10.2.min_65682a2.js:23
trigger @ jquery-1.10.2.min_65682a2.js:105
（匿名） @ all_async_search_e1ff9df.js:42
p @ all_async_search_e1ff9df.js:12
j @ all_async_search_e1ff9df.js:42
H @ all_async_search_e1ff9df.js:59
initPreload @ all_async_search_e1ff9df.js:92
（匿名） @ s?wd=baidu&rsv_spt=1&rsv_iqid=0x9345a36600037fe8&issp=1&f=8&rsv_bp=1&rsv_idx=2&ie=utf-8&rqlang=&tn=baiduhome_pg&ch=&rsv_enter=1&rsv_btype=i&rsv_dl=ib&inputT=1494:6465
jquery-1.10.2.min_65682a2.js:140 GET https://pss.bdstatic.com/r/www/cache/static/protocol/https/plugins/every_cookie_4644b13.js net::ERR_BLOCKED_BY_CLIENT
send @ jquery-1.10.2.min_65682a2.js:140
ajax @ jquery-1.10.2.min_65682a2.js:138
（匿名） @ s?wd=baidu&rsv_spt=1&rsv_iqid=0x9345a36600037fe8&issp=1&f=8&rsv_bp=1&rsv_idx=2&ie=utf-8&rqlang=&tn=baiduhome_pg&ch=&rsv_enter=1&rsv_btype=i&rsv_dl=ib&inputT=1494:6392
setTimeout（异步）
（匿名） @ s?wd=baidu&rsv_spt=1&rsv_iqid=0x9345a36600037fe8&issp=1&f=8&rsv_bp=1&rsv_idx=2&ie=utf-8&rqlang=&tn=baiduhome_pg&ch=&rsv_enter=1&rsv_btype=i&rsv_dl=ib&inputT=1494:6392
（匿名） @ s?wd=baidu&rsv_spt=1&rsv_iqid=0x9345a36600037fe8&issp=1&f=8&rsv_bp=1&rsv_idx=2&ie=utf-8&rqlang=&tn=baiduhome_pg&ch=&rsv_enter=1&rsv_btype=i&rsv_dl=ib&inputT=1494:6394
hpd.baidu.com/v.gif?logFrom=searchlist&ct=2&sid=34948_34919_35106_34902_34584_34517_34916_34813_26350_34973_34868_35145_35081&ssid=&logid=&tid=11545&logInfo=tts_show&cst=1&logExtra=%7B%22type%22%3A%22tts_player_show%22%2C%22value%22%3A%22%22%7D&r=1637071539025&:1 GET https://hpd.baidu.com/v.gif?logFrom=searchlist&ct=2&sid=34948_34919_35106_34902_34584_34517_34916_34813_26350_34973_34868_35145_35081&ssid=&logid=&tid=11545&logInfo=tts_show&cst=1&logExtra=%7B%22type%22%3A%22tts_player_show%22%2C%22value%22%3A%22%22%7D&r=1637071539025& net::ERR_BLOCKED_BY_CLIENT
Image（异步）
t.send @ pc-tts-player_dcd1d9a.js:104
t.sendLog @ pc-tts-player_dcd1d9a.js:110
（匿名） @ pc-tts-player_dcd1d9a.js:108
t.emit @ pc-tts-player_dcd1d9a.js:102
（匿名） @ pc-tts-player_dcd1d9a.js:57
Promise.then（异步）
t.render @ pc-tts-player_dcd1d9a.js:57
（匿名） @ pc-tts-player_dcd1d9a.js:111
Promise.then（异步）
t.render @ pc-tts-player_dcd1d9a.js:111
e.initTtsPlayer @ all_async_search_e1ff9df.js:176
（匿名） @ all_async_search_e1ff9df.js:174
i @ esl_5fec89f.js:7
x @ esl_5fec89f.js:7
（匿名） @ esl_5fec89f.js:11
i @ esl_5fec89f.js:7
b @ esl_5fec89f.js:6
t @ esl_5fec89f.js:5
g @ esl_5fec89f.js:6
p @ esl_5fec89f.js:4
r @ esl_5fec89f.js:7
t @ esl_5fec89f.js:14
load（异步）
B @ esl_5fec89f.js:14
t @ esl_5fec89f.js:7
w @ esl_5fec89f.js:8
（匿名） @ esl_5fec89f.js:7
D @ esl_5fec89f.js:13
x @ esl_5fec89f.js:7
e @ esl_5fec89f.js:11
o @ esl_5fec89f.js:1
e @ all_async_search_e1ff9df.js:173
t.create @ all_async_search_e1ff9df.js:559
e.create @ all_async_search_e1ff9df.js:553
e @ all_async_search_e1ff9df.js:578
（匿名） @ all_async_search_e1ff9df.js:589
i @ esl_5fec89f.js:7
x @ esl_5fec89f.js:7
（匿名） @ esl_5fec89f.js:11
i @ esl_5fec89f.js:7
b @ esl_5fec89f.js:6
t @ esl_5fec89f.js:5
g @ esl_5fec89f.js:6
p @ esl_5fec89f.js:4
e @ esl_5fec89f.js:11
o @ esl_5fec89f.js:1
（匿名） @ all_async_search_e1ff9df.js:589
dispatch @ jquery-1.10.2.min_65682a2.js:93
y.handle @ jquery-1.10.2.min_65682a2.js:89
trigger @ jquery-1.10.2.min_65682a2.js:92
（匿名） @ jquery-1.10.2.min_65682a2.js:105
each @ jquery-1.10.2.min_65682a2.js:29
each @ jquery-1.10.2.min_65682a2.js:23
trigger @ jquery-1.10.2.min_65682a2.js:105
（匿名） @ all_async_search_e1ff9df.js:42
p @ all_async_search_e1ff9df.js:12
j @ all_async_search_e1ff9df.js:42
H @ all_async_search_e1ff9df.js:59
initPreload @ all_async_search_e1ff9df.js:92
（匿名） @ s?wd=baidu&rsv_spt=1&rsv_iqid=0x9345a36600037fe8&issp=1&f=8&rsv_bp=1&rsv_idx=2&ie=utf-8&rqlang=&tn=baiduhome_pg&ch=&rsv_enter=1&rsv_btype=i&rsv_dl=ib&inputT=1494:6465
显示另外 27 个框架
